19:15:44.819 [-Management initialization started-] [Chefs=4] [Delivery Persons=5]

19:15:44.859 [CHEFS]
19:15:44.865 	(+) Chef added: [name=Gordon Ramsay] [rating=0.9] [endurance=50]
19:15:44.866 	(+) Chef added: [name=Rachael Ray] [rating=0.9] [endurance=45]
19:15:44.867 	(+) Chef added: [name=Wolfgang Puck] [rating=1.0] [endurance=30]
19:15:44.867 	(+) Chef added: [name=Paula Deen] [rating=1.1] [endurance=25]
19:15:44.868 [/CHEFS]

19:15:44.869 [DELIVERY]
19:15:44.870 	(+) Delivery Person added: [name=Garry Simpson][speed=5]
19:15:44.871 	(+) Delivery Person added: [name=Ken Allen][speed=7]
19:15:44.871 	(+) Delivery Person added: [name=Patrick Donahoe][speed=6]
19:15:44.872 	(+) Delivery Person added: [name=Scott Davis][speed=6]
19:15:44.873 	(+) Delivery Person added: [name=Frederick Smith][speed=8]
19:15:44.873 [/DELIVERY]

19:15:44.874 [TOOLS]
19:15:44.875 	(+) KitchenTool added: [Oven=13]
19:15:44.877 	(+) KitchenTool added: [Stove=14]
19:15:44.878 	(+) KitchenTool added: [Fork=15]
19:15:44.879 	(+) KitchenTool added: [Cup=14]
19:15:44.879 	(+) KitchenTool added: [Bowl=19]
19:15:44.880 	(+) KitchenTool added: [Plate=15]
19:15:44.882 	(+) KitchenTool added: [Spoon=25]
19:15:44.883 	(+) KitchenTool added: [Knife=16]
19:15:44.884 	(+) KitchenTool added: [Pan=26]
19:15:44.885 [/TOOLS]

19:15:44.886 [INGREDIENTS]
19:15:44.888 	(+) Ingredient added: [Potato=5000]
19:15:44.890 	(+) Ingredient added: [Butter=2000]
19:15:44.891 	(+) Ingredient added: [Olive Oil=1500]
19:15:44.891 	(+) Ingredient added: [Salt=1500]
19:15:44.892 	(+) Ingredient added: [Cherry Tomato=1500]
19:15:44.893 	(+) Ingredient added: [Bread=2500]
19:15:44.894 	(+) Ingredient added: [Bread Crumbs=1500]
19:15:44.895 	(+) Ingredient added: [Egg=150]
19:15:44.896 	(+) Ingredient added: [Flour=2500]
19:15:44.897 	(+) Ingredient added: [Gouda Cheese=2500]
19:15:44.897 	(+) Ingredient added: [Black Pepper=2500]
19:15:44.898 [/INGREDIENTS]

19:15:44.911 [DISH]
19:15:44.915 	(+) Dish added: [Hasselback Potatoes]
19:15:44.916 	(+) Dish added: [Ramen Soup]
19:15:44.917 	(+) Dish added: [The Ultimate Breakfast]
19:15:44.918 [/DISH]

19:15:44.918 [ORDERS]
19:15:44.943 	(+) Order added: [id=0] [Ramen Soup=2, Hasselback Potatoes=4, The Ultimate Breakfast=2]
19:15:44.945 	(+) Order added: [id=1] [Hasselback Potatoes=4, Ramen Soup=2]
19:15:44.946 	(+) Order added: [id=2] [The Ultimate Breakfast=2]
19:15:44.947 	(+) Order added: [id=3] [The Ultimate Breakfast=6]
19:15:44.948 	(+) Order added: [id=4] [Ramen Soup=4, The Ultimate Breakfast=4, Hasselback Potatoes=2]
19:15:44.948 [/ORDERS]

19:15:44.950 [-Management started-]
19:15:44.951 	[Event=Took Order] [Chef=Gordon Ramsay] [Order=0]
19:15:44.951 	[Event=Order Sent To Chef] [Order=0] [Chef=Gordon Ramsay]
19:15:44.952 	[Event=Took Order] [Chef=Rachael Ray] [Order=1]
19:15:44.952 	[Event=Order Sent To Chef] [Order=1] [Chef=Rachael Ray]
19:15:44.953 	[Event=Cooking Started] [Order=0]
19:15:44.954 	[Event=Took Order] [Chef=Wolfgang Puck] [Order=2]
19:15:44.954 	[Event=Cooking Started] [Order=1]
19:15:44.956 	[Event=Cooking Started] [Order=2]
19:15:44.957 	[Event=Order Sent To Chef] [Order=2] [Chef=Wolfgang Puck]
19:15:44.958 	[Event=Took Order] [Chef=Wolfgang Puck] [Order=3]
19:15:44.958 	[Event=Order Sent To Chef] [Order=3] [Chef=Wolfgang Puck]
19:15:44.959 	[Event=Cooking Started] [Order=3]
19:15:58.458 	[Event=Cooking Ended] [Order=0]
19:15:58.460 	[Event=Sent to Delivery] [Chef=Gordon Ramsay] [Order=0]
19:15:58.461 	[Event=Took Order] [Chef=Gordon Ramsay] [Order=4]
19:15:58.461 	[Event=Order Taken] [DeliveryPerson=Garry Simpson] [Order=0]
19:15:58.461 	[Event=Order Sent To Chef] [Order=4] [Chef=Gordon Ramsay]
19:15:58.462 	[Event=Cooking Started] [Order=4]
19:15:58.463 	[Event=Shutdown] [Chef=Paula Deen]
19:15:58.465 	[Stats] [Order=0] [Fined=false] [Actual time=13506] [Expected time=15002]
19:15:59.959 	[Event=Cooking Ended] [Order=2]
19:15:59.960 	[Event=Sent to Delivery] [Chef=Wolfgang Puck] [Order=2]
19:15:59.961 	[Event=Order Taken] [DeliveryPerson=Ken Allen] [Order=2]
19:15:59.965 	[Stats] [Order=2] [Fined=false] [Actual time=15006] [Expected time=15002]
19:16:07.459 	[Event=Cooking Ended] [Order=1]
19:16:07.460 	[Event=Sent to Delivery] [Chef=Rachael Ray] [Order=1]
19:16:07.461 	[Event=Shutdown] [Chef=Rachael Ray]
19:16:07.461 	[Event=Order Taken] [DeliveryPerson=Scott Davis] [Order=1]
19:16:07.464 	[Stats] [Order=1] [Fined=true] [Actual time=22504] [Expected time=15001]
19:16:13.460 	[Event=Cooking Ended] [Order=3]
19:16:13.461 	[Event=Sent to Delivery] [Chef=Wolfgang Puck] [Order=3]
19:16:13.462 	[Event=Order Taken] [DeliveryPerson=Frederick Smith] [Order=3]
19:16:13.462 	[Event=Shutdown] [Chef=Wolfgang Puck]
19:16:13.470 	[Stats] [Order=3] [Fined=true] [Actual time=28506] [Expected time=15007]
19:16:22.460 	[Event=Cooking Ended] [Order=4]
19:16:22.461 	[Event=Sent to Delivery] [Chef=Gordon Ramsay] [Order=4]
19:16:22.462 	[Event=Shutdown] [DeliveryPerson=Garry Simpson]
19:16:22.462 	[Event=Order Taken] [DeliveryPerson=Patrick Donahoe] [Order=4]
19:16:22.463 	[Event=Shutdown] [DeliveryPerson=Scott Davis]
19:16:22.463 	[Event=Shutdown] [DeliveryPerson=Ken Allen]
19:16:22.463 	[Event=Shutdown] [DeliveryPerson=Frederick Smith]
19:16:22.462 	[Event=Shutdown] [Chef=Gordon Ramsay]
19:16:22.469 	[Stats] [Order=4] [Fined=true] [Actual time=24002] [Expected time=15004]
19:16:22.475 	[Event=Shutdown] [DeliveryPerson=Patrick Donahoe]
19:16:22.475 [-Management ended-]

19:16:22.482 [Statistics]
		[Money Gained=871.00]
		[Delivered Orderes=]
			[Order=0] [Reward=100%] [DeliveryAddress=(1,2)] [Delivery Guys=Garry Simpson] [Requested Dishes=[Ramen Soup=2, Hasselback Potatoes=4, The Ultimate Breakfast=2]]
			[Order=2] [Reward=100%] [DeliveryAddress=(19,25)] [Delivery Guys=Ken Allen] [Requested Dishes=[The Ultimate Breakfast=2]]
			[Order=1] [Reward=50%] [DeliveryAddress=(10,20)] [Delivery Guys=Scott Davis] [Requested Dishes=[Hasselback Potatoes=4, Ramen Soup=2]]
			[Order=3] [Reward=50%] [DeliveryAddress=(50,50)] [Delivery Guys=Frederick Smith] [Requested Dishes=[The Ultimate Breakfast=6]]
			[Order=4] [Reward=50%] [DeliveryAddress=(20,33)] [Delivery Guys=Patrick Donahoe] [Requested Dishes=[Ramen Soup=4, The Ultimate Breakfast=4, Hasselback Potatoes=2]]
		[Ingredients Consumed]
			[Gouda Cheese:420], [Black Pepper:70], [Bread:210], [Egg:22], [Butter:450], [Olive Oil:500], [Bread Crumbs:140], [Cherry Tomato:1400], [Salt:326], [Potato:5000], [Flour:2000]
