New regular Costumer registered - Andrei, Favorite product - fanta.
New regular Costumer registered - Jesse, Favorite product - omelet.
New VIP Costumer registered - Meni, Favorite product - orange juice.
New VIP Costumer registered - Walter, Favorite product - omelet.
Supplier coca cola changed the price of fanta
Products updated: 0
Supplier tnuva changed the price of vanilla
Products updated: 0
Supplier tnuva changed the price of cocoa beans
Products updated: 0
Supplier tnuva changed the price of milk
Products updated: 0
Product cappuccino was removed from the menu.
Product instant coffee was removed from the menu.
Product iced coffee was removed from the menu.
Product hot chocolate was removed from the menu.
Supplier tara changed the price of milk
Products updated: 0
New VIP Costumer registered - Achiya, Favorite product - fanta.
The total revenue is 0.00, while the total profit is 0.00
New VIP Costumer registered - Walter, Favorite product - cappuccino.
New regular Costumer registered - Jesse, Favorite product - hot chocolate.
Supplier tara changed the price of milk
Products updated: 0
Supplier tnuva changed the price of milk
Products updated: 0
The total revenue is 0.00, while the total profit is 0.00
New VIP Costumer registered - Walter, Favorite product - cappuccino.
New regular Costumer registered - Jesse, Favorite product - hot chocolate.
Supplier tara changed the price of milk
Products updated: 0
Supplier tnuva changed the price of milk
Products updated: 0
The total revenue is 0.00, while the total profit is 0.00
New VIP Costumer registered - Walter, Favorite product - cappuccino.
New regular Costumer registered - Jesse, Favorite product - hot chocolate.
Supplier tara changed the price of milk
Products updated: 0
Supplier tnuva changed the price of milk
Products updated: 0
The total revenue is 0.00, while the total profit is 0.00
New VIP Costumer registered - Walter, Favorite product - cappuccino.
New regular Costumer registered - Jesse, Favorite product - hot chocolate.
New VIP Costumer registered - Walter, Favorite product - cappuccino.
New regular Costumer registered - Jesse, Favorite product - hot chocolate.
Supplier tara changed the price of milk
Products updated: 0
Supplier tnuva changed the price of milk
Products updated: 0
The total revenue is 0.00, while the total profit is 0.00
New VIP Costumer registered - Walter, Favorite product - cappuccino.
New regular Costumer registered - Jesse, Favorite product - hot chocolate.
Supplier tara changed the price of milk
Products updated: 0
Supplier tnuva changed the price of milk
Products updated: 0
The total revenue is 0.00, while the total profit is 0.00
New VIP Costumer registered - Walter, Favorite product - cappuccino.
New regular Costumer registered - Jesse, Favorite product - hot chocolate.
Supplier tara changed the price of milk
Products updated: 0
Supplier tnuva changed the price of milk
Products updated: 0
The total revenue is 0.00, while the total profit is 0.00
New VIP Costumer registered - Walter, Favorite product - cappuccino.
New regular Costumer registered - Jesse, Favorite product - hot chocolate.
Supplier tara changed the price of milk
Products updated: 4
Supplier tnuva changed the price of milk
Products updated: 0
The total revenue is 0.00, while the total profit is 0.00
New VIP Costumer registered - Walter, Favorite product - cappuccino.
New regular Costumer registered - Jesse, Favorite product - hot chocolate.
Supplier tara changed the price of milk
Products updated: 4
Supplier tnuva changed the price of milk
Products updated: 0
The total revenue is 0.00, while the total profit is 0.00
New VIP Costumer registered - Walter, Favorite product - cappuccino.
New regular Costumer registered - Jesse, Favorite product - hot chocolate.
Supplier tara changed the price of milk
Products updated: 4
Supplier tnuva changed the price of milk
Products updated: 0
The total revenue is 0.00, while the total profit is 0.00
New VIP Costumer registered - Walter, Favorite product - cappuccino.
New regular Costumer registered - Jesse, Favorite product - hot chocolate.
Supplier tara changed the price of milk
Products updated: 4
Supplier tnuva changed the price of milk
Products updated: 0
The total revenue is 0.00, while the total profit is 0.00
New VIP Costumer registered - Walter, Favorite product - cappuccino.
New regular Costumer registered - Jesse, Favorite product - hot chocolate.
Supplier tara changed the price of milk
Products updated: 4
Supplier tnuva changed the price of milk
Products updated: 0
The total revenue is 0.00, while the total profit is 0.00
New VIP Costumer registered - Walter, Favorite product - cappuccino.
New regular Costumer registered - Jesse, Favorite product - hot chocolate.
Supplier tara changed the price of milk
Products updated: 4
Supplier tnuva changed the price of milk
Products updated: 0
The total revenue is 0.00, while the total profit is 0.00
New VIP Costumer registered - Walter, Favorite product - cappuccino.
New regular Costumer registered - Jesse, Favorite product - hot chocolate.
Supplier tara changed the price of milk
Products updated: 4
Supplier tnuva changed the price of milk
Products updated: 0
The total revenue is 0.00, while the total profit is 0.00
New VIP Costumer registered - Walter, Favorite product - cappuccino.
New regular Costumer registered - Jesse, Favorite product - hot chocolate.
Supplier tara changed the price of milk
Products updated: 4
Supplier tnuva changed the price of milk
Products updated: 0
Costumer Jesse purchased hot chocolate
Costumer Walter purchased cappuccino
The total revenue is 2.98, while the total profit is 1.28
New VIP Costumer registered - Walter, Favorite product - cappuccino.
New regular Costumer registered - Jesse, Favorite product - hot chocolate.
Supplier tara changed the price of milk
Products updated: 4
Supplier tnuva changed the price of milk
Products updated: 0
Costumer Jesse purchased hot chocolate
Costumer Walter purchased cappuccino
The total revenue is 2.98, while the total profit is 1.28
New VIP Costumer registered - Walter, Favorite product - cappuccino.
New regular Costumer registered - Jesse, Favorite product - hot chocolate.
Supplier tara changed the price of milk
Products updated: 4
Supplier tnuva changed the price of milk
Products updated: 0
Costumer Jesse purchased hot chocolate
Costumer Walter purchased cappuccino
The total revenue is 2.98, while the total profit is 1.28
New VIP Costumer registered - Walter, Favorite product - cappuccino.
New regular Costumer registered - Jesse, Favorite product - hot chocolate.
Supplier tara changed the price of milk
Products updated: 4
Supplier tnuva changed the price of milk
Products updated: 0
Costumer Jesse purchased hot chocolate
Costumer Walter purchased cappuccino
The total revenue is 2.98, while the total profit is 1.28
New VIP Costumer registered - Walter, Favorite product - cappuccino.
New regular Costumer registered - Jesse, Favorite product - hot chocolate.
Supplier tara changed the price of milk
Products updated: 4
Supplier tnuva changed the price of milk
Products updated: 0
Costumer Jesse purchased hot chocolate
Costumer Walter purchased cappuccino
The total revenue is 2.98, while the total profit is 1.28
New VIP Costumer registered - Walter, Favorite product - cappuccino.
New regular Costumer registered - Jesse, Favorite product - hot chocolate.
Supplier tara changed the price of milk
Products updated: 4
Supplier tnuva changed the price of milk
Products updated: 0
Costumer Jesse purchased hot chocolate
Costumer Walter purchased cappuccino
The total revenue is 2.98, while the total profit is 1.28
New VIP Costumer registered - Walter, Favorite product - cappuccino.
New regular Costumer registered - Jesse, Favorite product - hot chocolate.
Supplier tara changed the price of milk
Products updated: 4
Supplier tnuva changed the price of milk
Products updated: 0
Costumer Jesse purchased hot chocolate
Costumer Walter purchased cappuccino
The total revenue is 2.98, while the total profit is 1.28
New VIP Costumer registered - Walter, Favorite product - cappuccino.
New regular Costumer registered - Jesse, Favorite product - hot chocolate.
Supplier tara changed the price of milk
Products updated: 4
Supplier tnuva changed the price of milk
Products updated: 0
Costumer Jesse purchased hot chocolate
Costumer Walter purchased cappuccino
The total revenue is 2.98, while the total profit is 1.28
New VIP Costumer registered - Walter, Favorite product - cappuccino.
New regular Costumer registered - Jesse, Favorite product - hot chocolate.
Supplier tara changed the price of milk
Products updated: 4
Supplier tnuva changed the price of milk
Products updated: 0
Costumer Jesse purchased hot chocolate
Costumer Walter purchased cappuccino
The total revenue is 2.98, while the total profit is 1.28
New VIP Costumer registered - Walter, Favorite product - cappuccino.
New regular Costumer registered - Jesse, Favorite product - hot chocolate.
Supplier tara changed the price of milk
Products updated: 4
Supplier tnuva changed the price of milk
Products updated: 0
Costumer Jesse purchased hot chocolate
Costumer Walter purchased cappuccino
The total revenue is 2.98, while the total profit is 1.28
New VIP Costumer registered - Walter, Favorite product - cappuccino.
New regular Costumer registered - Jesse, Favorite product - hot chocolate.
Supplier tara changed the price of milk
Products updated: 4
Supplier tnuva changed the price of milk
Products updated: 0
Costumer Jesse purchased hot chocolate
Costumer Walter purchased cappuccino
The total revenue is 2.98, while the total profit is 1.28
New VIP Costumer registered - Walter, Favorite product - cappuccino.
New regular Costumer registered - Jesse, Favorite product - hot chocolate.
Supplier tara changed the price of milk
Products updated: 4
Supplier tnuva changed the price of milk
Products updated: 0
Costumer Jesse purchased hot chocolate
Costumer Walter purchased cappuccino
The total revenue is 2.98, while the total profit is 1.28
New VIP Costumer registered - Walter, Favorite product - cappuccino.
New regular Costumer registered - Jesse, Favorite product - hot chocolate.
Supplier tara changed the price of milk
Products updated: 4
Supplier tnuva changed the price of milk
Products updated: 0
The total revenue is 0.00, while the total profit is 0.00
New VIP Costumer registered - Walter, Favorite product - cappuccino.
New regular Costumer registered - Jesse, Favorite product - hot chocolate.
Supplier tara changed the price of milk
Products updated: 4
Supplier tnuva changed the price of milk
Products updated: 0
The total revenue is 0.00, while the total profit is 0.00
New VIP Costumer registered - Walter, Favorite product - cappuccino.
New regular Costumer registered - Jesse, Favorite product - hot chocolate.
Supplier tara changed the price of milk
Products updated: 4
Supplier tnuva changed the price of milk
Products updated: 0
Costumer Jesse purchased hot chocolate
Costumer Walter purchased cappuccino
The total revenue is 2.98, while the total profit is 0.78
New VIP Costumer registered - Walter, Favorite product - cappuccino.
New regular Costumer registered - Jesse, Favorite product - hot chocolate.
Supplier tara changed the price of milk
Products updated: 4
Supplier tnuva changed the price of milk
Products updated: 0
Costumer Jesse purchased hot chocolate
Costumer Walter purchased cappuccino
The total revenue is 2.98, while the total profit is 0.78
New VIP Costumer registered - Walter, Favorite product - cappuccino.
New regular Costumer registered - Jesse, Favorite product - hot chocolate.
Supplier tara changed the price of milk
Products updated: 4
Supplier tnuva changed the price of milk
Products updated: 0
Costumer Jesse purchased hot chocolate
Costumer Walter purchased cappuccino
The total revenue is 2.98, while the total profit is 0.78
New VIP Costumer registered - Walter, Favorite product - cappuccino.
New regular Costumer registered - Jesse, Favorite product - hot chocolate.
Supplier tara changed the price of milk
Products updated: 4
Supplier tnuva changed the price of milk
Products updated: 0
Costumer Jesse purchased hot chocolate
Costumer Walter purchased cappuccino
The total revenue is 2.98, while the total profit is 0.78
New VIP Costumer registered - Walter, Favorite product - cappuccino.
New regular Costumer registered - Jesse, Favorite product - hot chocolate.
Supplier tara changed the price of milk
Products updated: 4
Supplier tnuva changed the price of milk
Products updated: 0
Costumer Jesse purchased hot chocolate
Costumer Walter purchased cappuccino
The total revenue is 2.98, while the total profit is 0.78
New VIP Costumer registered - Walter, Favorite product - cappuccino.
New regular Costumer registered - Jesse, Favorite product - hot chocolate.
Supplier tara changed the price of milk
Products updated: 4
Supplier tnuva changed the price of milk
Products updated: 0
Costumer Jesse purchased hot chocolate
Costumer Walter purchased cappuccino
The total revenue is 2.98, while the total profit is 0.78
New VIP Costumer registered - Walter, Favorite product - cappuccino.
New regular Costumer registered - Jesse, Favorite product - hot chocolate.
Supplier tara changed the price of milk
Products updated: 4
Supplier tnuva changed the price of milk
Products updated: 0
Costumer Jesse purchased hot chocolate
Costumer Walter purchased cappuccino
The total revenue is 2.98, while the total profit is 0.78
New VIP Costumer registered - Walter, Favorite product - cappuccino.
New regular Costumer registered - Jesse, Favorite product - hot chocolate.
Supplier tara changed the price of milk
Products updated: 4
Supplier tnuva changed the price of milk
Products updated: 0
Costumer Jesse purchased hot chocolate
Costumer Walter purchased cappuccino
The total revenue is 2.98, while the total profit is 0.78
New VIP Costumer registered - Walter, Favorite product - cappuccino.
New regular Costumer registered - Jesse, Favorite product - hot chocolate.
Supplier tara changed the price of milk
Products updated: 4
Supplier tnuva changed the price of milk
Products updated: 0
Costumer Jesse purchased hot chocolate
Costumer Walter purchased cappuccino
The total revenue is 2.98, while the total profit is 0.78
New VIP Customer registered - Walter, Favorite product - cappuccino.
New regular Customer registered - Jesse, Favorite product - hot chocolate.
Supplier tara changed the price of milk
Products updated: 4
Supplier tnuva changed the price of milk
Products updated: 0
Customer Jesse purchased hot chocolate
Customer Walter purchased cappuccino
The total revenue is 2.98, while the total profit is 0.78
